2026-03-20 00:29:24,915 INFO o.a.j.u.JMeterUtils: Setting Locale to en_EN
2026-03-20 00:29:24,934 INFO o.a.j.JMeter: Loading user properties from: C:\Users\anfaa\Documents\University Stuff\5th Year - Engg\Winter - 2026\533\Project\TeaStore\tools\apache-jmeter-5.6.3\bin\user.properties
2026-03-20 00:29:24,935 INFO o.a.j.JMeter: Loading system properties from: C:\Users\anfaa\Documents\University Stuff\5th Year - Engg\Winter - 2026\533\Project\TeaStore\tools\apache-jmeter-5.6.3\bin\system.properties
2026-03-20 00:29:24,942 INFO o.a.j.JMeter: Copyright (c) 1998-2024 The Apache Software Foundation
2026-03-20 00:29:24,942 INFO o.a.j.JMeter: Version 5.6.3
2026-03-20 00:29:24,942 INFO o.a.j.JMeter: java.version=20
2026-03-20 00:29:24,942 INFO o.a.j.JMeter: java.vm.name=Java HotSpot(TM) 64-Bit Server VM
2026-03-20 00:29:24,942 INFO o.a.j.JMeter: os.name=Windows 10
2026-03-20 00:29:24,942 INFO o.a.j.JMeter: os.arch=amd64
2026-03-20 00:29:24,942 INFO o.a.j.JMeter: os.version=10.0
2026-03-20 00:29:24,942 INFO o.a.j.JMeter: file.encoding=UTF-8
2026-03-20 00:29:24,942 INFO o.a.j.JMeter: java.awt.headless=null
2026-03-20 00:29:24,942 INFO o.a.j.JMeter: Max memory     =1073741824
2026-03-20 00:29:24,942 INFO o.a.j.JMeter: Available Processors =16
2026-03-20 00:29:24,952 INFO o.a.j.JMeter: Default Locale=English (EN)
2026-03-20 00:29:24,953 INFO o.a.j.JMeter: JMeter  Locale=English (EN)
2026-03-20 00:29:24,953 INFO o.a.j.JMeter: JMeterHome=C:\Users\anfaa\Documents\University Stuff\5th Year - Engg\Winter - 2026\533\Project\TeaStore\tools\apache-jmeter-5.6.3
2026-03-20 00:29:24,953 INFO o.a.j.JMeter: user.dir  =C:\Users\anfaa\Documents\University Stuff\5th Year - Engg\Winter - 2026\533\Project\TeaStore
2026-03-20 00:29:24,953 INFO o.a.j.JMeter: PWD       =C:\Users\anfaa\Documents\University Stuff\5th Year - Engg\Winter - 2026\533\Project\TeaStore
2026-03-20 00:29:29,495 INFO o.a.j.JMeter: IP: 26.237.248.5 Name: LAPTOP-0O57385O FullName: LAPTOP-0O57385O
2026-03-20 00:29:29,521 INFO o.a.j.JMeter: Loaded icon properties from org/apache/jmeter/images/icon.properties
2026-03-20 00:29:29,824 INFO o.a.j.JMeterGuiLauncher: Setting LAF to: com.github.weisj.darklaf.DarkLaf:com.github.weisj.darklaf.theme.DarculaTheme
2026-03-20 00:31:06,976 INFO o.a.j.s.SaveService: Testplan (JMX) version: 2.2. Testlog (JTL) version: 2.2
2026-03-20 00:31:07,000 INFO o.a.j.s.SaveService: Using SaveService properties version 5.0
2026-03-20 00:31:07,001 INFO o.a.j.s.SaveService: Using SaveService properties file encoding UTF-8
2026-03-20 00:31:07,005 INFO o.a.j.s.SampleResult: Note: Sample TimeStamps are START times
2026-03-20 00:31:07,006 INFO o.a.j.s.SampleResult: sampleresult.default.encoding is set to UTF-8
2026-03-20 00:31:07,006 INFO o.a.j.s.SampleResult: sampleresult.useNanoTime=true
2026-03-20 00:31:07,006 INFO o.a.j.s.SampleResult: sampleresult.nanoThreadSleep=5000
2026-03-20 00:31:07,007 INFO o.a.j.s.SampleEvent: List of sample_variables: []
