2026-03-19 23:48:49,521 INFO o.a.j.u.JMeterUtils: Setting Locale to en_EN
2026-03-19 23:48:49,541 INFO o.a.j.JMeter: Loading user properties from: user.properties
2026-03-19 23:48:49,542 INFO o.a.j.JMeter: Loading system properties from: system.properties
2026-03-19 23:48:49,548 INFO o.a.j.JMeter: Copyright (c) 1998-2024 The Apache Software Foundation
2026-03-19 23:48:49,548 INFO o.a.j.JMeter: Version 5.6.3
2026-03-19 23:48:49,548 INFO o.a.j.JMeter: java.version=20
2026-03-19 23:48:49,548 INFO o.a.j.JMeter: java.vm.name=Java HotSpot(TM) 64-Bit Server VM
2026-03-19 23:48:49,548 INFO o.a.j.JMeter: os.name=Windows 10
2026-03-19 23:48:49,548 INFO o.a.j.JMeter: os.arch=amd64
2026-03-19 23:48:49,548 INFO o.a.j.JMeter: os.version=10.0
2026-03-19 23:48:49,549 INFO o.a.j.JMeter: file.encoding=UTF-8
2026-03-19 23:48:49,549 INFO o.a.j.JMeter: java.awt.headless=null
2026-03-19 23:48:49,549 INFO o.a.j.JMeter: Max memory     =1073741824
2026-03-19 23:48:49,549 INFO o.a.j.JMeter: Available Processors =16
2026-03-19 23:48:49,559 INFO o.a.j.JMeter: Default Locale=English (EN)
2026-03-19 23:48:49,559 INFO o.a.j.JMeter: JMeter  Locale=English (EN)
2026-03-19 23:48:49,559 INFO o.a.j.JMeter: JMeterHome=C:\Users\anfaa\Documents\University Stuff\5th Year - Engg\Winter - 2026\533\Project\TeaStore\tools\apache-jmeter-5.6.3
2026-03-19 23:48:49,559 INFO o.a.j.JMeter: user.dir  =C:\Users\anfaa\Documents\University Stuff\5th Year - Engg\Winter - 2026\533\Project\TeaStore\tools\apache-jmeter-5.6.3\bin
2026-03-19 23:48:49,560 INFO o.a.j.JMeter: PWD       =C:\Users\anfaa\Documents\University Stuff\5th Year - Engg\Winter - 2026\533\Project\TeaStore\tools\apache-jmeter-5.6.3\bin
2026-03-19 23:48:54,133 INFO o.a.j.JMeter: IP: 26.237.248.5 Name: LAPTOP-0O57385O FullName: LAPTOP-0O57385O
